This is pdfTeX, Version 3.141592653-2.6-1.40.22 (TeX Live 2021/W32TeX) (preloaded format=pdflatex 2021.5.5)  30 JUL 2021 21:56
entering extended mode
 restricted \write18 enabled.
 file:line:error style messages enabled.
 %&-line parsing enabled.
**"e:/University/Nottingham/Year 4/MSc Project/code/msc_project_syn_energy/working_on/data/quick_gate_method/summary/briefing/report.tex"
(e:/University/Nottingham/Year 4/MSc Project/code/msc_project_syn_energy/working_on/data/quick_gate_method/summary/briefing/report.tex
LaTeX2e <2020-10-01> patch level 4
L3 programming layer <2021-02-18> (c:/texlive/2021/texmf-dist/tex/latex/revtex4-1/revtex4-1.cls
Document Class: revtex4-1 2020/09/30 4.1s (http://publish.aps.org/revtex4/ for documentation)
 Copyright (c) 2009 The American Physical Society.
 mailto:revtex@aps.org
 Licensed under the LPPL:
http://www.ctan.org/tex-archive/macros/latex/base/lppl.txt
 Arthur Ogawa <arthur_ogawa at sbcglobal dot net>
 Based on work by David Carlisle <david at dcarlisle.demon.co.uk>.
ltxutil[2020/09/30 4.1s utilities package (portions licensed from W. E. Baxter web at superscript.com)]
LaTeX Info: Redefining \@centercr on input line 346.
Class revtex4-1 Info: Repairing broken LaTeX eqnarray on input line 396.
\eqncolsep=\skip47
Class revtex4-1 Info: Repairing hyperref-unfriendly LaTeX definition of \mpfootnote on input line 471.
Class revtex4-1 Info: Repairing broken LateX \@sect on input line 793.
\intertabularlinepenalty=\count179
\@tbpen=\count180
\@arstrutbox@hline=\box47
Class revtex4-1 Info: Repairing broken LaTeX \@xbitor on input line 1824.
Class revtex4-1 Info: Making \typeout \long on input line 2089.
ltxfront[2020/09/30 4.1s frontmatter package (AO,DPC)]
\c@affil=\count181
\c@collab=\count182
\absbox=\box48
ltxgrid[2020/09/30 4.1s page grid package (portions licensed from W. E. Baxter web at superscript.com)]
\c@linecount=\count183
\output@latex=\toks15
\box@size@1=\box49
\box@size@2=\box50
\@protection@box=\box51
\@topmark@saved=\toks16
\footins@saved=\box52
\footins@recovered=\box53
\column@recovered=\box54
\pagesofar=\box55
\footsofar=\box56
\pagegrid@col=\count184
Class revtex4-1 Info: Overriding \@vspace, \@vspacer, \@no@pgbk, \@newline, and \\  on input line 5655.
\c@part=\count185
\c@section=\count186
\c@subsection=\count187
\c@subsubsection=\count188
\c@paragraph=\count189
\c@subparagraph=\count190
\abovecaptionskip=\skip48
\belowcaptionskip=\skip49
\c@figure=\count191
\fbox@1=\box57
\c@table=\count192
\fbox@2=\box58
\c@video=\count193
\fbox@4=\box59
\@bibdataout=\write3
\widetext@top=\box60
\widetext@bot=\box61

Class revtex4-1 Warning: No Society specified, using default society aps.

(c:/texlive/2021/texmf-dist/tex/latex/revtex4-1/aps4-1.rtx
File: aps4-1 2020/09/30 4.1s (http://publish.aps.org/revtex4/ for documentation)
Class revtex4-1 Info: RevTeX society APS selected on input line 31.
)
Class revtex4-1 Info: Selecting journal prl on input line 7618.
Class revtex4-1 Info: APS journal PRL selected on input line 7619.


Class revtex4-1 Warning: No type size specified, using default 10.

(c:/texlive/2021/texmf-dist/tex/latex/revtex4-1/aps10pt4-1.rtx
File: aps10pt4-1 2020/09/30 4.1s (http://publish.aps.org/revtex4/ for documentation)
Class revtex4-1 Info: RevTeX pointsize 10pt selected on input line 30.
) (c:/texlive/2021/texmf-dist/tex/latex/textcase/textcase.sty
Package: textcase 2019/09/14 v1.00 Text only upper/lower case changing (DPC)
) (c:/texlive/2021/texmf-dist/tex/latex/url/url.sty
\Urlmuskip=\muskip16
Package: url 2013/09/16  ver 3.4  Verb mode for urls, etc.
) (c:/texlive/2021/texmf-dist/tex/latex/natbib/natbib.sty
Package: natbib 2010/09/13 8.31b (PWD, AO)
\bibhang=\skip50
\bibsep=\skip51
LaTeX Info: Redefining \cite on input line 694.
\c@NAT@ctr=\count194
)
Class revtex4-1 Info: Repairing natbib's \BibitemShut on input line 7623.
 (c:/texlive/2021/texmf-dist/tex/latex/revtex4-1/revsymb4-1.sty
Package: revsymb4-1 2020/09/30 4.1s (http://publish.aps.org/revtex4/ for documentation)
LaTeX Info: Redefining \REV@mathfrak on input line 119.
)) (c:/texlive/2021/texmf-dist/tex/latex/graphics/graphicx.sty
Package: graphicx 2020/09/09 v1.2b Enhanced LaTeX Graphics (DPC,SPQR)
 (c:/texlive/2021/texmf-dist/tex/latex/graphics/keyval.sty
Package: keyval 2014/10/28 v1.15 key=value parser (DPC)
\KV@toks@=\toks17
) (c:/texlive/2021/texmf-dist/tex/latex/graphics/graphics.sty
Package: graphics 2020/08/30 v1.4c Standard LaTeX Graphics (DPC,SPQR)
 (c:/texlive/2021/texmf-dist/tex/latex/graphics/trig.sty
Package: trig 2016/01/03 v1.10 sin cos tan (DPC)
) (c:/texlive/2021/texmf-dist/tex/latex/graphics-cfg/graphics.cfg
File: graphics.cfg 2016/06/04 v1.11 sample graphics configuration
)
Package graphics Info: Driver file: pdftex.def on input line 105.
 (c:/texlive/2021/texmf-dist/tex/latex/graphics-def/pdftex.def
File: pdftex.def 2020/10/05 v1.2a Graphics/color driver for pdftex
))
\Gin@req@height=\dimen138
\Gin@req@width=\dimen139
) (c:/texlive/2021/texmf-dist/tex/latex/was/gensymb.sty
Package: gensymb 2003/07/02 v1.0 (WaS)
) (c:/texlive/2021/texmf-dist/tex/latex/subfloat/subfloat.sty
Package: subfloat 2003/08/21 version 2.14
 Package `subfloat', Version 2.14 of 2003/08/21.

Package subfloat Warning: Numbers of floats not counted:
(subfloat)                If you use one of the counters subfloatfiguremax or
(subfloat)                subfloattablemax you will get strange error messages
(subfloat)                containing \c@subfloatfiguremax or
(subfloat)                \c@subfloattablemax:
(subfloat)                Please switch on countmax or remove the code using
(subfloat)                the counter then..

) (c:/texlive/2021/texmf-dist/tex/latex/float/float.sty
Package: float 2001/11/08 v1.3d Float enhancements (AL)
\c@float@type=\count195
\float@exts=\toks18
\float@box=\box62
\@float@everytoks=\toks19
\@floatcapt=\box63
)
Class revtex4-1 Info: Unrecognized LaTeX tabular. Please update this document class! (Proceeding with fingers crossed.) on input line 9.


Class revtex4-1 Warning: Repair the float package.

Class revtex4-1 Info: cite was not loaded (OK!) on input line 9.
Class revtex4-1 Info: mcite was not loaded (OK!) on input line 9.
Class revtex4-1 Info: multicol was not loaded (OK!) on input line 9.
(c:/texlive/2021/texmf-dist/tex/latex/l3backend/l3backend-pdftex.def
File: l3backend-pdftex.def 2021-03-18 L3 backend support: PDF output (pdfTeX)
\l__color_backend_stack_int=\count196
\l__pdf_internal_box=\box64
) (./report.aux)
\openout1 = `report.aux'.

LaTeX Font Info:    Checking defaults for OML/cmm/m/it on input line 9.
LaTeX Font Info:    ... okay on input line 9.
LaTeX Font Info:    Checking defaults for OMS/cmsy/m/n on input line 9.
LaTeX Font Info:    ... okay on input line 9.
LaTeX Font Info:    Checking defaults for OT1/cmr/m/n on input line 9.
LaTeX Font Info:    ... okay on input line 9.
LaTeX Font Info:    Checking defaults for T1/cmr/m/n on input line 9.
LaTeX Font Info:    ... okay on input line 9.
LaTeX Font Info:    Checking defaults for TS1/cmr/m/n on input line 9.
LaTeX Font Info:    ... okay on input line 9.
LaTeX Font Info:    Checking defaults for OMX/cmex/m/n on input line 9.
LaTeX Font Info:    ... okay on input line 9.
LaTeX Font Info:    Checking defaults for U/cmr/m/n on input line 9.
LaTeX Font Info:    ... okay on input line 9.
 (c:/texlive/2021/texmf-dist/tex/context/base/mkii/supp-pdf.mkii
[Loading MPS to PDF converter (version 2006.09.02).]
\scratchcounter=\count197
\scratchdimen=\dimen140
\scratchbox=\box65
\nofMPsegments=\count198
\nofMParguments=\count199
\everyMPshowfont=\toks20
\MPscratchCnt=\count266
\MPscratchDim=\dimen141
\MPnumerator=\count267
\makeMPintoPDFobject=\count268
\everyMPtoPDFconversion=\toks21
) (c:/texlive/2021/texmf-dist/tex/latex/epstopdf-pkg/epstopdf-base.sty
Package: epstopdf-base 2020-01-24 v2.11 Base part for package epstopdf
Package epstopdf-base Info: Redefining graphics rule for `.eps' on input line 485.
 (c:/texlive/2021/texmf-dist/tex/latex/latexconfig/epstopdf-sys.cfg
File: epstopdf-sys.cfg 2010/07/13 v1.3 Configuration of (r)epstopdf for TeX Live
))
LaTeX Info: Redefining \celsius on input line 9.
Package gensymb Info: Faking symbols for \degree and \celsius on input line 9.


Package gensymb Warning: Not defining \perthousand.

LaTeX Info: Redefining \ohm on input line 9.
Package gensymb Info: Using \Omega for \ohm on input line 9.

Package gensymb Warning: Not defining \micro.

\openout3 = `reportNotes.bib'.


Class revtex4-1 Warning: Assuming \noaffiliation for authors.

<figures/training_accuracy_vs_energy.png, id=1, 407.5225pt x 296.10625pt>
File: figures/training_accuracy_vs_energy.png Graphic file (type png)
<use figures/training_accuracy_vs_energy.png>
Package pdftex.def Info: figures/training_accuracy_vs_energy.png  used on input line 19.
(pdftex.def)             Requested size: 246.0pt x 178.74496pt.
<figures/training_error_vs_energy.png, id=3, 420.57124pt x 296.10625pt>
File: figures/training_error_vs_energy.png Graphic file (type png)
<use figures/training_error_vs_energy.png>
Package pdftex.def Info: figures/training_error_vs_energy.png  used on input line 26.
(pdftex.def)             Requested size: 246.0pt x 173.20111pt.
<figures/testing_accuracy_vs_energy.png, id=4, 407.5225pt x 296.10625pt>
File: figures/testing_accuracy_vs_energy.png Graphic file (type png)
<use figures/testing_accuracy_vs_energy.png>
Package pdftex.def Info: figures/testing_accuracy_vs_energy.png  used on input line 33.
(pdftex.def)             Requested size: 246.0pt x 178.74496pt.
<figures/testing_error_vs_energy.png, id=5, 417.56pt x 296.10625pt>
File: figures/testing_error_vs_energy.png Graphic file (type png)
<use figures/testing_error_vs_energy.png>
Package pdftex.def Info: figures/testing_error_vs_energy.png  used on input line 40.
(pdftex.def)             Requested size: 246.0pt x 174.44814pt.
<figures/training_accuracy_vs_minimum_energy.png, id=6, 471.7625pt x 296.10625pt>
File: figures/training_accuracy_vs_minimum_energy.png Graphic file (type png)
<use figures/training_accuracy_vs_minimum_energy.png>
Package pdftex.def Info: figures/training_accuracy_vs_minimum_energy.png  used on input line 49.
(pdftex.def)             Requested size: 246.0pt x 154.40535pt.
[1{c:/texlive/2021/texmf-var/fonts/map/pdftex/updmap/pdftex.map} <./figures/training_accuracy_vs_energy.png> <./figures/training_error_vs_energy.png> <./figures/testing_accuracy_vs_energy.png> <./figures/testing_error_vs_energy.png>]
<figures/training_error_vs_minimum_energy.png, id=20, 439.6425pt x 296.10625pt>
File: figures/training_error_vs_minimum_energy.png Graphic file (type png)
<use figures/training_error_vs_minimum_energy.png>
Package pdftex.def Info: figures/training_error_vs_minimum_energy.png  used on input line 56.
(pdftex.def)             Requested size: 246.0pt x 165.68282pt.
<figures/testing_accuracy_vs_minimum_energy.png, id=21, 461.725pt x 296.10625pt>
File: figures/testing_accuracy_vs_minimum_energy.png Graphic file (type png)
<use figures/testing_accuracy_vs_minimum_energy.png>
Package pdftex.def Info: figures/testing_accuracy_vs_minimum_energy.png  used on input line 63.
(pdftex.def)             Requested size: 246.0pt x 157.76239pt.
<figures/testing_error_vs_minimum_energy.png, id=22, 434.62375pt x 296.10625pt>
File: figures/testing_error_vs_minimum_energy.png Graphic file (type png)
<use figures/testing_error_vs_minimum_energy.png>
Package pdftex.def Info: figures/testing_error_vs_minimum_energy.png  used on input line 70.
(pdftex.def)             Requested size: 246.0pt x 167.60306pt.
<figures/training_accuracy_vs_testing_accuracy.png, id=23, 471.7625pt x 296.10625pt>
File: figures/training_accuracy_vs_testing_accuracy.png Graphic file (type png)
<use figures/training_accuracy_vs_testing_accuracy.png>
Package pdftex.def Info: figures/training_accuracy_vs_testing_accuracy.png  used on input line 79.
(pdftex.def)             Requested size: 246.0pt x 154.40535pt.
 [2 <./figures/training_accuracy_vs_minimum_energy.png> <./figures/training_error_vs_minimum_energy.png> <./figures/testing_accuracy_vs_minimum_energy.png> <./figures/testing_error_vs_minimum_energy.png>]
<figures/training_error_vs_testing_error.png, id=32, 404.51125pt x 296.10625pt>
File: figures/training_error_vs_testing_error.png Graphic file (type png)
<use figures/training_error_vs_testing_error.png>
Package pdftex.def Info: figures/training_error_vs_testing_error.png  used on input line 86.
(pdftex.def)             Requested size: 246.0pt x 180.07784pt.

Underfull \hbox (badness 1028) in paragraph at lines 92--95
\OT1/cmr/m/n/10 Sim-i-lar ac-cu-ra-cies, but dif-fer-ent er-rors be-tween the
 []


Underfull \hbox (badness 10000) in paragraph at lines 92--95

 []

<figures/explanation.png, id=33, 570.63188pt x 431.36156pt>
File: figures/explanation.png Graphic file (type png)
<use figures/explanation.png>
Package pdftex.def Info: figures/explanation.png  used on input line 98.
(pdftex.def)             Requested size: 246.0pt x 185.95575pt.
<figures/gated_samples_vs_train_test_accuracy.png, id=34, 610.28pt x 296.10625pt>
File: figures/gated_samples_vs_train_test_accuracy.png Graphic file (type png)
<use figures/gated_samples_vs_train_test_accuracy.png>
Package pdftex.def Info: figures/gated_samples_vs_train_test_accuracy.png  used on input line 110.
(pdftex.def)             Requested size: 246.0pt x 119.35759pt.
[3 <./figures/training_accuracy_vs_testing_accuracy.png> <./figures/training_error_vs_testing_error.png> <./figures/explanation.png>]
<figures/gated_samples_vs_train_test_error.png, id=40, 559.08875pt x 296.10625pt>
File: figures/gated_samples_vs_train_test_error.png Graphic file (type png)
<use figures/gated_samples_vs_train_test_error.png>
Package pdftex.def Info: figures/gated_samples_vs_train_test_error.png  used on input line 117.
(pdftex.def)             Requested size: 246.0pt x 130.28714pt.
<figures/non_gated_samples_vs_train_test_accuracy.png, id=41, 667.49374pt x 296.10625pt>
File: figures/non_gated_samples_vs_train_test_accuracy.png Graphic file (type png)
<use figures/non_gated_samples_vs_train_test_accuracy.png>
Package pdftex.def Info: figures/non_gated_samples_vs_train_test_accuracy.png  used on input line 127.
(pdftex.def)             Requested size: 246.0pt x 109.12836pt.
<figures/non_gated_samples_vs_train_test_error.png, id=42, 616.3025pt x 296.10625pt>
File: figures/non_gated_samples_vs_train_test_error.png Graphic file (type png)
<use figures/non_gated_samples_vs_train_test_error.png>
Package pdftex.def Info: figures/non_gated_samples_vs_train_test_error.png  used on input line 134.
(pdftex.def)             Requested size: 246.0pt x 118.1919pt.
 [4 <./figures/gated_samples_vs_train_test_accuracy.png> <./figures/gated_samples_vs_train_test_error.png> <./figures/non_gated_samples_vs_train_test_accuracy.png> <./figures/non_gated_samples_vs_train_test_error.png>]
<figures/samples_vs_training_accuracy.png, id=50, 542.025pt x 296.10625pt>
File: figures/samples_vs_training_accuracy.png Graphic file (type png)
<use figures/samples_vs_training_accuracy.png>
Package pdftex.def Info: figures/samples_vs_training_accuracy.png  used on input line 143.
(pdftex.def)             Requested size: 246.0pt x 134.38968pt.
<figures/samples_vs_training_error.png, id=51, 490.83376pt x 296.10625pt>
File: figures/samples_vs_training_error.png Graphic file (type png)
<use figures/samples_vs_training_error.png>
Package pdftex.def Info: figures/samples_vs_training_error.png  used on input line 150.
(pdftex.def)             Requested size: 246.0pt x 148.40517pt.
<figures/samples_vs_testing_accuracy.png, id=52, 531.9875pt x 296.10625pt>
File: figures/samples_vs_testing_accuracy.png Graphic file (type png)
<use figures/samples_vs_testing_accuracy.png>
Package pdftex.def Info: figures/samples_vs_testing_accuracy.png  used on input line 160.
(pdftex.def)             Requested size: 246.0pt x 136.9244pt.
<figures/samples_vs_testing_error.png, id=53, 480.79625pt x 296.10625pt>
File: figures/samples_vs_testing_error.png Graphic file (type png)
<use figures/samples_vs_testing_error.png>
Package pdftex.def Info: figures/samples_vs_testing_error.png  used on input line 167.
(pdftex.def)             Requested size: 246.0pt x 151.50467pt.
 (./report.bbl) [5 <./figures/samples_vs_training_accuracy.png> <./figures/samples_vs_training_error.png> <./figures/samples_vs_testing_accuracy.png> <./figures/samples_vs_testing_error.png>] (./report.aux) ) 
Here is how much of TeX's memory you used:
 3462 strings out of 478994
 51707 string characters out of 5862208
 357020 words of memory out of 5000000
 20931 multiletter control sequences out of 15000+600000
 404987 words of font info for 32 fonts, out of 8000000 for 9000
 1141 hyphenation exceptions out of 8191
 68i,5n,74p,1299b,287s stack positions out of 5000i,500n,10000p,200000b,80000s
<c:/texlive/2021/texmf-dist/fonts/type1/public/amsfonts/cm/cmbx12.pfb><c:/texlive/2021/texmf-dist/fonts/type1/public/amsfonts/cm/cmbx9.pfb><c:/texlive/2021/texmf-dist/fonts/type1/public/amsfonts/cm/cmr10.pfb><c:/texlive/2021/texmf-dist/fonts/type1/public/amsfonts/cm/cmr9.pfb><c:/texlive/2021/texmf-dist/fonts/type1/public/amsfonts/cm/cmti9.pfb>
Output written on report.pdf (5 pages, 426875 bytes).
PDF statistics:
 78 PDF objects out of 1000 (max. 8388607)
 28 compressed objects within 1 object stream
 0 named destinations out of 1000 (max. 500000)
 96 words of extra memory for PDF output out of 10000 (max. 10000000)

